<?xml version="1.0" encoding="UTF-8"?>
<!-- Generated by org.testng.reporters.JUnitXMLReporter -->
<testsuite ignored="0" hostname="LTIN238012" failures="0" tests="6" name="Default test" time="39.506" errors="0" timestamp="2024-03-13T10:20:18 IST">
  <testcase classname="miniproject" name="completedprojectclick" time="8.466"/>
  <testcase classname="miniproject" name="handlelivechat" time="0.691"/>
  <testcase classname="miniproject" name="handlepopup" time="0.066"/>
  <testcase classname="miniproject" name="totalnumber" time="0.509"/>
  <testcase classname="miniproject" name="verify" time="0.872"/>
  <testcase classname="miniproject" name="waittime" time="0.009"/>
</testsuite> <!-- Default test -->
