<?xml version="1.0" encoding="UTF-8"?>
<testsuite xmlns:xsi="http://www.w3.org/2001/XMLSchema-instance" xsi:noNamespaceSchemaLocation="https://maven.apache.org/surefire/maven-surefire-plugin/xsd/surefire-test-report-3.0.xsd" version="3.0" name="TestSuite" time="27.179" tests="6" errors="0" skipped="0" failures="0">
  <properties>
[...]
</properties>
  <testcase name="waittime" classname="miniproject" time="0.031">
    <system-err><![CDATA[SLF4J: Failed to load class "org.slf4j.impl.StaticLoggerBinder".
SLF4J: Defaulting to no-operation (NOP) logger implementation
SLF4J: See http://www.slf4j.org/codes.html#StaticLoggerBinder for further details.
]]></system-err>
  </testcase>
  <testcase name="handlelivechat" classname="miniproject" time="5.225"/>
  <testcase name="handlepopup" classname="miniproject" time="3.139"/>
  <testcase name="completedprojectclick" classname="miniproject" time="1.764"/>
  <testcase name="totalnumber" classname="miniproject" time="0.447">
    <system-out><![CDATA[24
Isha Avni
Isha Ishtabhumi
Isha Lakefront
Isha Santhosham
Isha Anandham
]]></system-out>
  </testcase>
  <testcase name="verify" classname="miniproject" time="0.643">
    <system-out><![CDATA[Verified-Found
marketing@ishahomes.com
]]></system-out>
  </testcase>
</testsuite>