<?xml version="1.0" encoding="UTF-8"?>
<testng-results ignored="0" total="6" passed="6" failed="0" skipped="0">
  <reporter-output>
  </reporter-output>
  <suite started-at="2024-03-13T12:44:41 IST" name="Suite" finished-at="2024-03-13T12:45:07 IST" duration-ms="26271">
    <groups>
    </groups>
    <test started-at="2024-03-13T12:44:41 IST" name="Test" finished-at="2024-03-13T12:45:07 IST" duration-ms="26271">
      <class name="miniproject">
        <test-method is-config="true" signature="beforeClass()[pri:0, instance:miniproject@4f2b503c]" started-at="2024-03-13T12:44:41 IST" name="beforeClass" finished-at="2024-03-13T12:44:53 IST" duration-ms="12113" status="PASS">
          <reporter-output>
          </reporter-output>
        </test-method> <!-- beforeClass -->
        <test-method signature="waittime()[pri:1, instance:miniproject@4f2b503c]" started-at="2024-03-13T12:44:53 IST" name="waittime" finished-at="2024-03-13T12:44:53 IST" duration-ms="25" status="PASS">
          <reporter-output>
          </reporter-output>
        </test-method> <!-- waittime -->
        <test-method signature="handlelivechat()[pri:2, instance:miniproject@4f2b503c]" started-at="2024-03-13T12:44:53 IST" name="handlelivechat" finished-at="2024-03-13T12:44:58 IST" duration-ms="5225" status="PASS">
          <reporter-output>
          </reporter-output>
        </test-method> <!-- handlelivechat -->
        <test-method signature="handlepopup()[pri:3, instance:miniproject@4f2b503c]" started-at="2024-03-13T12:44:58 IST" name="handlepopup" finished-at="2024-03-13T12:45:01 IST" duration-ms="3137" status="PASS">
          <reporter-output>
          </reporter-output>
        </test-method> <!-- handlepopup -->
        <test-method signature="completedprojectclick()[pri:4, instance:miniproject@4f2b503c]" started-at="2024-03-13T12:45:01 IST" name="completedprojectclick" finished-at="2024-03-13T12:45:03 IST" duration-ms="1763" status="PASS">
          <reporter-output>
          </reporter-output>
        </test-method> <!-- completedprojectclick -->
        <test-method signature="totalnumber()[pri:5, instance:miniproject@4f2b503c]" started-at="2024-03-13T12:45:03 IST" name="totalnumber" finished-at="2024-03-13T12:45:03 IST" duration-ms="446" status="PASS">
          <reporter-output>
          </reporter-output>
        </test-method> <!-- totalnumber -->
        <test-method signature="verify()[pri:6, instance:miniproject@4f2b503c]" started-at="2024-03-13T12:45:03 IST" name="verify" finished-at="2024-03-13T12:45:04 IST" duration-ms="643" status="PASS">
          <reporter-output>
          </reporter-output>
        </test-method> <!-- verify -->
        <test-method is-config="true" signature="afterClass()[pri:0, instance:miniproject@4f2b503c]" started-at="2024-03-13T12:45:04 IST" name="afterClass" finished-at="2024-03-13T12:45:07 IST" duration-ms="2777" status="PASS">
          <reporter-output>
          </reporter-output>
        </test-method> <!-- afterClass -->
      </class> <!-- miniproject -->
    </test> <!-- Test -->
  </suite> <!-- Suite -->
</testng-results>
