<?xml version="1.0" encoding="UTF-8"?>
<testng-results ignored="0" total="6" passed="6" failed="0" skipped="0">
  <reporter-output>
  </reporter-output>
  <suite started-at="2024-03-13T10:19:38 IST" name="Default suite" finished-at="2024-03-13T10:20:18 IST" duration-ms="39506">
    <groups>
    </groups>
    <test started-at="2024-03-13T10:19:38 IST" name="Default test" finished-at="2024-03-13T10:20:18 IST" duration-ms="39506">
      <class name="miniproject">
        <test-method is-config="true" signature="beforeClass()[pri:0, instance:miniproject@7bab3f1a]" started-at="2024-03-13T10:19:38 IST" name="beforeClass" finished-at="2024-03-13T10:20:03 IST" duration-ms="24425" status="PASS">
          <reporter-output>
          </reporter-output>
        </test-method> <!-- beforeClass -->
        <test-method signature="completedprojectclick()[pri:0, instance:miniproject@7bab3f1a]" started-at="2024-03-13T10:20:03 IST" name="completedprojectclick" finished-at="2024-03-13T10:20:11 IST" duration-ms="8466" status="PASS">
          <reporter-output>
          </reporter-output>
        </test-method> <!-- completedprojectclick -->
        <test-method signature="handlelivechat()[pri:0, instance:miniproject@7bab3f1a]" started-at="2024-03-13T10:20:11 IST" name="handlelivechat" finished-at="2024-03-13T10:20:12 IST" duration-ms="691" status="PASS">
          <reporter-output>
          </reporter-output>
        </test-method> <!-- handlelivechat -->
        <test-method signature="handlepopup()[pri:0, instance:miniproject@7bab3f1a]" started-at="2024-03-13T10:20:12 IST" name="handlepopup" finished-at="2024-03-13T10:20:12 IST" duration-ms="66" status="PASS">
          <reporter-output>
          </reporter-output>
        </test-method> <!-- handlepopup -->
        <test-method signature="totalnumber()[pri:0, instance:miniproject@7bab3f1a]" started-at="2024-03-13T10:20:12 IST" name="totalnumber" finished-at="2024-03-13T10:20:13 IST" duration-ms="509" status="PASS">
          <reporter-output>
          </reporter-output>
        </test-method> <!-- totalnumber -->
        <test-method signature="verify()[pri:0, instance:miniproject@7bab3f1a]" started-at="2024-03-13T10:20:13 IST" name="verify" finished-at="2024-03-13T10:20:14 IST" duration-ms="872" status="PASS">
          <reporter-output>
          </reporter-output>
        </test-method> <!-- verify -->
        <test-method signature="waittime()[pri:0, instance:miniproject@7bab3f1a]" started-at="2024-03-13T10:20:14 IST" name="waittime" finished-at="2024-03-13T10:20:14 IST" duration-ms="9" status="PASS">
          <reporter-output>
          </reporter-output>
        </test-method> <!-- waittime -->
        <test-method is-config="true" signature="afterClass()[pri:0, instance:miniproject@7bab3f1a]" started-at="2024-03-13T10:20:14 IST" name="afterClass" finished-at="2024-03-13T10:20:18 IST" duration-ms="4315" status="PASS">
          <reporter-output>
          </reporter-output>
        </test-method> <!-- afterClass -->
      </class> <!-- miniproject -->
    </test> <!-- Default test -->
  </suite> <!-- Default suite -->
</testng-results>
